<?xml version="1.0" encoding="UTF-8"?>
<!-- Generated by org.testng.reporters.JUnitReportReporter -->
<testsuite skipped="0" hostname="PC333975" name="com.mop.qa.test.bvt.Test_CNN_Mobile" tests="1" failures="0" timestamp="24 Aug 2018 10:37:44 GMT" time="3.010" errors="0">
  <testcase name="VideoAuto_Mobile" time="3.010" classname="com.mop.qa.test.bvt.Test_CNN_Mobile"/>
</testsuite> <!-- com.mop.qa.test.bvt.Test_CNN_Mobile -->
