<?xml version="1.0" encoding="UTF-8"?>
<!-- Generated by org.testng.reporters.JUnitReportReporter -->
<testsuite skipped="0" hostname="PC333975" name="com.mop.qa.testrunner.TestRunner" tests="1" failures="0" timestamp="31 Aug 2018 11:32:26 GMT" time="1.955" errors="0">
  <testcase name="testRun" time="1.955" classname="com.mop.qa.testrunner.TestRunner"/>
</testsuite> <!-- com.mop.qa.testrunner.TestRunner -->
