<?xml version="1.0" encoding="UTF-8"?>
<!-- Generated by org.testng.reporters.JUnitReportReporter -->
<testsuite hostname="PC333975" name="com.mop.qa.test.bvt.MMT_home_Test" tests="1" failures="0" timestamp="31 Aug 2018 13:30:22 GMT" time="48.928" errors="0">
  <testcase name="flightSearch" time="48.928" classname="com.mop.qa.test.bvt.MMT_home_Test"/>
</testsuite> <!-- com.mop.qa.test.bvt.MMT_home_Test -->
