<?xml version="1.0" encoding="UTF-8"?>
<!-- Generated by org.testng.reporters.JUnitReportReporter -->
<testsuite hostname="PC418194" name="com.mop.qa.test.bvt.Test_HDFC" tests="3" failures="0" timestamp="31 Oct 2018 06:29:07 GMT" time="442.594" errors="0">
  <testcase name="hdfcTest" time="134.962" classname="com.mop.qa.test.bvt.Test_HDFC"/>
  <testcase name="hdfcTest" time="152.518" classname="com.mop.qa.test.bvt.Test_HDFC"/>
  <testcase name="hdfcTest" time="155.114" classname="com.mop.qa.test.bvt.Test_HDFC"/>
</testsuite> <!-- com.mop.qa.test.bvt.Test_HDFC -->
