<?xml version="1.0" encoding="UTF-8"?>
<!-- Generated by org.testng.reporters.JUnitReportReporter -->
<testsuite hostname="PC418194" name="com.mop.qa.test.bvt.Test_Flight" tests="1" failures="0" timestamp="30 Oct 2018 10:12:26 GMT" time="35.565" errors="0">
  <testcase name="flightTest" time="35.565" classname="com.mop.qa.test.bvt.Test_Flight"/>
</testsuite> <!-- com.mop.qa.test.bvt.Test_Flight -->
