<?xml version="1.0" encoding="UTF-8"?>
<!-- Generated by org.testng.reporters.JUnitReportReporter -->
<testsuite hostname="PC418194" name="com.mop.qa.test.bvt.Test_BookStore" tests="1" failures="0" timestamp="31 Oct 2018 10:55:27 GMT" time="24.253" errors="0">
  <testcase name="bookstoreTest" time="24.253" classname="com.mop.qa.test.bvt.Test_BookStore"/>
</testsuite> <!-- com.mop.qa.test.bvt.Test_BookStore -->
