<?xml version="1.0" encoding="UTF-8"?>
<!-- Generated by org.testng.reporters.JUnitReportReporter -->
<testsuite hostname="PC333975" name="com.mop.qa.test.bvt.Test_Sample_Api" tests="1" failures="0" timestamp="31 Aug 2018 13:28:15 GMT" time="2.772" errors="0">
  <testcase name="testMaxWorkOrder" time="2.772" classname="com.mop.qa.test.bvt.Test_Sample_Api"/>
</testsuite> <!-- com.mop.qa.test.bvt.Test_Sample_Api -->
