<?xml version="1.0" encoding="UTF-8"?>
<!-- Generated by org.testng.reporters.JUnitReportReporter -->
<testsuite skipped="0" hostname="PC333975" name="com.mop.qa.test.bvt.Test_NBC_PC" tests="1" failures="0" timestamp="29 Aug 2018 05:58:31 GMT" time="101.330" errors="0">
  <testcase name="VideoAuto_PC" time="101.330" classname="com.mop.qa.test.bvt.Test_NBC_PC"/>
</testsuite> <!-- com.mop.qa.test.bvt.Test_NBC_PC -->
